#
# A fatal error has been detected by the Java Runtime Environment:
#
#  EXCEPTION_ACCESS_VIOLATION (0xc0000005) at pc=0x00007ffedf1f5c5b, pid=17052, tid=10300
#
# JRE version: Java(TM) SE Runtime Environment (16.0.1+9) (build 16.0.1+9-24)
# Java VM: Java HotSpot(TM) 64-Bit Server VM (16.0.1+9-24, mixed mode, sharing, tiered, compressed oops, compressed class ptrs, g1 gc, windows-amd64)
# Problematic frame:
# V  [jvm.dll+0x735c5b]
#
# No core dump will be written. Minidumps are not enabled by default on client versions of Windows
#
# If you would like to submit a bug report, please visit:
#   https://bugreport.java.com/bugreport/crash.jsp
#

---------------  S U M M A R Y ------------

Command Line: -Dfile.encoding=UTF-8 -XX:+ShowCodeDetailsInExceptionMessages com.springboot.CRUDdemo.CruDdemoApplication

Host: Intel(R) Core(TM) i7-5600U CPU @ 2.60GHz, 4 cores, 11G,  Windows 10 , 64 bit Build 19041 (10.0.19041.1503)
Time: Thu Feb 24 19:47:20 2022 Central Standard Time elapsed time: 6.735059 seconds (0d 0h 0m 6s)

---------------  T H R E A D  ---------------

Current thread (0x0000022922f3ac20):  JavaThread "restartedMain" [_thread_in_vm, id=10300, stack(0x000000bdcc400000,0x000000bdcc500000)]

Stack: [0x000000bdcc400000,0x000000bdcc500000],  sp=0x000000bdcc4fa240,  free space=1000k
Native frames: (J=compiled Java code, j=interpreted, Vv=VM code, C=native code)
V  [jvm.dll+0x735c5b]
V  [jvm.dll+0x737b1d]
V  [jvm.dll+0x737a63]
V  [jvm.dll+0x1e6621]
V  [jvm.dll+0x1e4f8f]
V  [jvm.dll+0x1ea568]
V  [jvm.dll+0x1df8a1]
V  [jvm.dll+0x536728]
V  [jvm.dll+0x743011]
V  [jvm.dll+0x40775f]
V  [jvm.dll+0x40da82]
C  [java.dll+0x17c8]

Java frames: (J=compiled Java code, j=interpreted, Vv=VM code)
J 717  java.lang.ClassLoader.defineClass1(Ljava/lang/ClassLoader;Ljava/lang/String;[BIILjava/security/ProtectionDomain;Ljava/lang/String;)Ljava/lang/Class; java.base@16.0.1 (0 bytes) @ 0x00000229105db08b [0x00000229105dafc0+0x00000000000000cb]
J 1125 c1 java.lang.ClassLoader.defineClass(Ljava/lang/String;[BIILjava/security/ProtectionDomain;)Ljava/lang/Class; java.base@16.0.1 (43 bytes) @ 0x0000022909280d64 [0x0000022909280a00+0x0000000000000364]
J 721 c1 java.security.SecureClassLoader.defineClass(Ljava/lang/String;[BIILjava/security/CodeSource;)Ljava/lang/Class; java.base@16.0.1 (16 bytes) @ 0x00000229091cfa8c [0x00000229091cf9c0+0x00000000000000cc]
J 928 c1 jdk.internal.loader.BuiltinClassLoader.defineClass(Ljava/lang/String;Ljdk/internal/loader/Resource;)Ljava/lang/Class; java.base@16.0.1 (121 bytes) @ 0x000002290922ff5c [0x000002290922efa0+0x0000000000000fbc]
J 680 c1 jdk.internal.loader.BuiltinClassLoader.findClassOnClassPathOrNull(Ljava/lang/String;)Ljava/lang/Class; java.base@16.0.1 (64 bytes) @ 0x00000229091a8184 [0x00000229091a70e0+0x00000000000010a4]
J 3047 c2 jdk.internal.loader.BuiltinClassLoader.loadClassOrNull(Ljava/lang/String;Z)Ljava/lang/Class; java.base@16.0.1 (143 bytes) @ 0x0000022910700944 [0x00000229106ff6a0+0x00000000000012a4]
J 3868 c2 jdk.internal.loader.ClassLoaders$AppClassLoader.loadClass(Ljava/lang/String;Z)Ljava/lang/Class; java.base@16.0.1 (40 bytes) @ 0x00000229107b1f0c [0x00000229107b1ec0+0x000000000000004c]
J 3762 c2 java.lang.ClassLoader.loadClass(Ljava/lang/String;)Ljava/lang/Class; java.base@16.0.1 (7 bytes) @ 0x000002291079ebe0 [0x000002291079eba0+0x0000000000000040]
v  ~StubRoutines::call_stub
J 717  java.lang.ClassLoader.defineClass1(Ljava/lang/ClassLoader;Ljava/lang/String;[BIILjava/security/ProtectionDomain;Ljava/lang/String;)Ljava/lang/Class; java.base@16.0.1 (0 bytes) @ 0x00000229105db08b [0x00000229105dafc0+0x00000000000000cb]
J 1125 c1 java.lang.ClassLoader.defineClass(Ljava/lang/String;[BIILjava/security/ProtectionDomain;)Ljava/lang/Class; java.base@16.0.1 (43 bytes) @ 0x0000022909280d64 [0x0000022909280a00+0x0000000000000364]
J 721 c1 java.security.SecureClassLoader.defineClass(Ljava/lang/String;[BIILjava/security/CodeSource;)Ljava/lang/Class; java.base@16.0.1 (16 bytes) @ 0x00000229091cfa8c [0x00000229091cf9c0+0x00000000000000cc]
J 928 c1 jdk.internal.loader.BuiltinClassLoader.defineClass(Ljava/lang/String;Ljdk/internal/loader/Resource;)Ljava/lang/Class; java.base@16.0.1 (121 bytes) @ 0x000002290922ff5c [0x000002290922efa0+0x0000000000000fbc]
J 680 c1 jdk.internal.loader.BuiltinClassLoader.findClassOnClassPathOrNull(Ljava/lang/String;)Ljava/lang/Class; java.base@16.0.1 (64 bytes) @ 0x00000229091a8184 [0x00000229091a70e0+0x00000000000010a4]
J 3047 c2 jdk.internal.loader.BuiltinClassLoader.loadClassOrNull(Ljava/lang/String;Z)Ljava/lang/Class; java.base@16.0.1 (143 bytes) @ 0x0000022910700944 [0x00000229106ff6a0+0x00000000000012a4]
J 3868 c2 jdk.internal.loader.ClassLoaders$AppClassLoader.loadClass(Ljava/lang/String;Z)Ljava/lang/Class; java.base@16.0.1 (40 bytes) @ 0x00000229107b1f0c [0x00000229107b1ec0+0x000000000000004c]
J 3762 c2 java.lang.ClassLoader.loadClass(Ljava/lang/String;)Ljava/lang/Class; java.base@16.0.1 (7 bytes) @ 0x000002291079ebe0 [0x000002291079eba0+0x0000000000000040]
v  ~StubRoutines::call_stub
j  org.hibernate.mapping.PersistentClass.createPrimaryKey()V+5
j  org.hibernate.cfg.CreateKeySecondPass.doSecondPass(Ljava/util/Map;)V+11
j  org.hibernate.boot.internal.InFlightMetadataCollectorImpl.processSecondPasses(Ljava/util/ArrayList;)V+34
j  org.hibernate.boot.internal.InFlightMetadataCollectorImpl.processSecondPasses(Lorg/hibernate/boot/spi/MetadataBuildingContext;)V+38
j  org.hibernate.boot.model.process.spi.MetadataBuildingProcess.complete(Lorg/hibernate/boot/model/process/spi/ManagedResources;Lorg/hibernate/boot/spi/BootstrapContext;Lorg/hibernate/boot/spi/MetadataBuildingOptions;)Lorg/hibernate/boot/spi/MetadataImplementor;+296
j  org.hibernate.jpa.boot.internal.EntityManagerFactoryBuilderImpl.metadata()Lorg/hibernate/boot/spi/MetadataImplementor;+30
j  org.hibernate.jpa.boot.internal.EntityManagerFactoryBuilderImpl.build()Ljavax/persistence/EntityManagerFactory;+3
j  org.springframework.orm.jpa.vendor.SpringHibernateJpaPersistenceProvider.createContainerEntityManagerFactory(Ljavax/persistence/spi/PersistenceUnitInfo;Ljava/util/Map;)Ljavax/persistence/EntityManagerFactory;+55
j  org.springframework.orm.jpa.LocalContainerEntityManagerFactoryBean.createNativeEntityManagerFactory()Ljavax/persistence/EntityManagerFactory;+129
j  org.springframework.orm.jpa.AbstractEntityManagerFactoryBean.buildNativeEntityManagerFactory()Ljavax/persistence/EntityManagerFactory;+1
j  org.springframework.orm.jpa.AbstractEntityManagerFactoryBean.afterPropertiesSet()V+192
j  org.springframework.orm.jpa.LocalContainerEntityManagerFactoryBean.afterPropertiesSet()V+77
j  org.springframework.beans.factory.support.AbstractAutowireCapableBeanFactory.invokeInitMethods(Ljava/lang/String;Ljava/lang/Object;Lorg/springframework/beans/factory/support/RootBeanDefinition;)V+106
j  org.springframework.beans.factory.support.AbstractAutowireCapableBeanFactory.initializeBean(Ljava/lang/String;Ljava/lang/Object;Lorg/springframework/beans/factory/support/RootBeanDefinition;)Ljava/lang/Object;+59
j  org.springframework.beans.factory.support.AbstractAutowireCapableBeanFactory.doCreateBean(Ljava/lang/String;Lorg/springframework/beans/factory/support/RootBeanDefinition;[Ljava/lang/Object;)Ljava/lang/Object;+245
j  org.springframework.beans.factory.support.AbstractAutowireCapableBeanFactory.createBean(Ljava/lang/String;Lorg/springframework/beans/factory/support/RootBeanDefinition;[Ljava/lang/Object;)Ljava/lang/Object;+169
j  org.springframework.beans.factory.support.AbstractBeanFactory.lambda$doGetBean$0(Ljava/lang/String;Lorg/springframework/beans/factory/support/RootBeanDefinition;[Ljava/lang/Object;)Ljava/lang/Object;+4
j  org.springframework.beans.factory.support.AbstractBeanFactory$$Lambda$262+0x0000000800da3cf8.getObject()Ljava/lang/Object;+16
j  org.springframework.beans.factory.support.DefaultSingletonBeanRegistry.getSingleton(Ljava/lang/String;Lorg/springframework/beans/factory/ObjectFactory;)Ljava/lang/Object;+132
J 2502 c1 org.springframework.beans.factory.support.AbstractBeanFactory.doGetBean(Ljava/lang/String;Ljava/lang/Class;[Ljava/lang/Object;Z)Ljava/lang/Object; (832 bytes) @ 0x000002290957fefc [0x000002290957df20+0x0000000000001fdc]
j  org.springframework.beans.factory.support.AbstractBeanFactory.getBean(Ljava/lang/String;)Ljava/lang/Object;+5
j  org.springframework.context.support.AbstractApplicationContext.getBean(Ljava/lang/String;)Ljava/lang/Object;+9
j  org.springframework.context.support.AbstractApplicationContext.finishBeanFactoryInitialization(Lorg/springframework/beans/factory/config/ConfigurableListableBeanFactory;)V+100
j  org.springframework.context.support.AbstractApplicationContext.refresh()V+86
j  org.springframework.boot.web.servlet.context.ServletWebServerApplicationContext.refresh()V+1
j  org.springframework.boot.SpringApplication.refresh(Lorg/springframework/context/ConfigurableApplicationContext;)V+1
j  org.springframework.boot.SpringApplication.refreshContext(Lorg/springframework/context/ConfigurableApplicationContext;)V+16
j  org.springframework.boot.SpringApplication.run([Ljava/lang/String;)Lorg/springframework/context/ConfigurableApplicationContext;+107
j  org.springframework.boot.SpringApplication.run([Ljava/lang/Class;[Ljava/lang/String;)Lorg/springframework/context/ConfigurableApplicationContext;+9
j  org.springframework.boot.SpringApplication.run(Ljava/lang/Class;[Ljava/lang/String;)Lorg/springframework/context/ConfigurableApplicationContext;+9
j  com.springboot.CRUDdemo.CruDdemoApplication.main([Ljava/lang/String;)V+3
v  ~StubRoutines::call_stub
j  jdk.internal.reflect.NativeMethodAccessorImpl.invoke0(Ljava/lang/reflect/Method;Ljava/lang/Object;[Ljava/lang/Object;)Ljava/lang/Object;+0 java.base@16.0.1
j  jdk.internal.reflect.NativeMethodAccessorImpl.invoke(Ljava/lang/Object;[Ljava/lang/Object;)Ljava/lang/Object;+146 java.base@16.0.1
j  jdk.internal.reflect.DelegatingMethodAccessorImpl.invoke(Ljava/lang/Object;[Ljava/lang/Object;)Ljava/lang/Object;+6 java.base@16.0.1
j  java.lang.reflect.Method.invoke(Ljava/lang/Object;[Ljava/lang/Object;)Ljava/lang/Object;+59 java.base@16.0.1
j  org.springframework.boot.devtools.restart.RestartLauncher.run()V+42
v  ~StubRoutines::call_stub

siginfo: EXCEPTION_ACCESS_VIOLATION (0xc0000005), reading address 0xffffffffffffffff


Register to memory mapping:

RIP=0x00007ffedf1f5c5b jvm.dll
RAX=0x00000229234c6828 points into unknown readable memory: 0x90008632b273e4bc | bc e4 73 b2 32 86 00 90
RBX=0x00000229234c6850 points into unknown readable memory: 0x0000022925c1a5e0 | e0 a5 c1 25 29 02 00 00
RCX=0x0000000000000021 is an unknown value
RDX=0x0000000070f04078 is an unknown value
RSP=0x000000bdcc4fa240 is pointing into the stack for thread: 0x0000022922f3ac20
RBP=0x000002292247cf00 points into unknown readable memory: 0x6269682f67726f4c | 4c 6f 72 67 2f 68 69 62
RSI=0x0000000000000001 is an unknown value
RDI=0x00020229234c68d0 is an unknown value
R8 =0x0 is NULL
R9 =0x000000bdcc4fa310 is pointing into the stack for thread: 0x0000022922f3ac20
R10=0x000000000000006c is an unknown value
R11=0x0000000000000021 is an unknown value
R12=0x0000000000000001 is an unknown value
R13=0x0000022922f3ac20 is a thread
R14=0x000000bdcc4fa2d0 is pointing into the stack for thread: 0x0000022922f3ac20
R15=0x000002297f69cbe0 points into unknown readable memory: 0x00000229216c4210 | 10 42 6c 21 29 02 00 00


Registers:
RAX=0x00000229234c6828, RBX=0x00000229234c6850, RCX=0x0000000000000021, RDX=0x0000000070f04078
RSP=0x000000bdcc4fa240, RBP=0x000002292247cf00, RSI=0x0000000000000001, RDI=0x00020229234c68d0
R8 =0x0000000000000000, R9 =0x000000bdcc4fa310, R10=0x000000000000006c, R11=0x0000000000000021
R12=0x0000000000000001, R13=0x0000022922f3ac20, R14=0x000000bdcc4fa2d0, R15=0x000002297f69cbe0
RIP=0x00007ffedf1f5c5b, EFLAGS=0x0000000000010202

Top of Stack: (sp=0x000000bdcc4fa240)
0x000000bdcc4fa240:   0000000300000000 0000000800419f20
0x000000bdcc4fa250:   0000000000000000 00007ffedecfa62e
0x000000bdcc4fa260:   0000000000000094 0000022929c57260
0x000000bdcc4fa270:   000000bdcc4fa830 0000000000000094
0x000000bdcc4fa280:   0000000070f04078 0000000000000021
0x000000bdcc4fa290:   000002292247cff4 00007ffedf1f7b1d
0x000000bdcc4fa2a0:   0000000000000000 0000000000000093
0x000000bdcc4fa2b0:   0000022922db3040 000000bdcc4fa310
0x000000bdcc4fa2c0:   000000bdcc4fa318 00007ffedf1f7b1d
0x000000bdcc4fa2d0:   0000000000000000 0000000070f04078
0x000000bdcc4fa2e0:   0000022900000021 000002292247cff4
0x000000bdcc4fa2f0:   0000000000000021 000002292247cff4
0x000000bdcc4fa300:   000000bdcc4fa440 00007ffedf1f7a63
0x000000bdcc4fa310:   0000000000000000 000002292247cf00
0x000000bdcc4fa320:   0000000070f04078 0000000000000094
0x000000bdcc4fa330:   0000022922f3ac20 00007ffedeca6621 

Instructions: (pc=0x00007ffedf1f5c5b)
0x00007ffedf1f5b5b:   48 8b 7c 24 50 48 3b f5 0f 82 c7 fd ff ff 4c 8b
0x00007ffedf1f5b6b:   b4 24 b8 08 00 00 49 89 9d 10 01 00 00 48 8b 8c
0x00007ffedf1f5b7b:   24 60 08 00 00 48 33 cc e8 d8 ea 0e 00 48 81 c4
0x00007ffedf1f5b8b:   70 08 00 00 41 5f 41 5d 41 5c 5f 5e 5d 5b c3 cc
0x00007ffedf1f5b9b:   cc cc cc cc cc 48 89 5c 24 18 4c 89 4c 24 20 55
0x00007ffedf1f5bab:   56 57 41 54 41 55 41 56 41 57 48 83 ec 20 4c 8b
0x00007ffedf1f5bbb:   a2 10 01 00 00 49 8b f9 4c 89 64 24 60 4d 8b f0
0x00007ffedf1f5bcb:   4c 8b ea 4c 8b f9 49 8b c4 41 f6 c4 01 75 0b 48
0x00007ffedf1f5bdb:   8b 05 ff 1b 3a 00 48 83 c8 01 48 89 82 10 01 00
0x00007ffedf1f5beb:   00 e8 0f 40 f2 ff 49 8b 47 40 45 33 c0 48 85 c0
0x00007ffedf1f5bfb:   74 0c 4d 89 47 40 e8 fa 3f f2 ff 45 33 c0 49 8b
0x00007ffedf1f5c0b:   07 40 32 ed 49 8b 56 08 48 8b 48 18 48 8b 00 48
0x00007ffedf1f5c1b:   23 ca 48 8d 1c c8 48 8b 04 c8 d0 e8 a8 01 74 12
0x00007ffedf1f5c2b:   49 8b 47 08 48 8b 48 18 48 8b 00 48 23 ca 48 8d
0x00007ffedf1f5c3b:   1c c8 48 8b 1b 49 8b f0 48 83 e3 fc 74 68 41 bc
0x00007ffedf1f5c4b:   01 00 00 00 90 48 8b 7b 08 48 ff c6 49 63 4e 10
0x00007ffedf1f5c5b:   0f b7 47 04 3b c1 75 22 49 8b 56 18 4c 8b c1 48
0x00007ffedf1f5c6b:   8d 4f 06 e8 97 fb 0e 00 85 c0 75 0e 48 8b cf e8
0x00007ffedf1f5c7b:   a1 f8 ff ff 84 c0 75 21 eb 09 8b 07 0f b7 c0 85
0x00007ffedf1f5c8b:   c0 75 0e 40 84 ed 40 0f b6 c5 41 0f 44 c4 0f b6
0x00007ffedf1f5c9b:   e8 48 8b 1b 48 85 db 75 ac 4c 8b 64 24 60 45 33
0x00007ffedf1f5cab:   c0 48 8b 7c 24 78 48 8b 94 24 80 00 00 00 48 8d
0x00007ffedf1f5cbb:   4b 08 48 85 db 48 89 74 24 68 49 0f 44 c8 48 85
0x00007ffedf1f5ccb:   d2 74 09 49 3b 77 20 0f 97 c0 88 02 48 85 c9 74
0x00007ffedf1f5cdb:   0a 48 8b 01 48 89 07 b0 01 eb 02 32 c0 48 8b 5c
0x00007ffedf1f5ceb:   24 70 4d 89 a5 10 01 00 00 48 83 c4 20 41 5f 41
0x00007ffedf1f5cfb:   5e 41 5d 41 5c 5f 5e 5d c3 cc cc cc cc cc cc cc
0x00007ffedf1f5d0b:   cc cc cc cc cc 4c 89 44 24 18 48 89 54 24 10 48
0x00007ffedf1f5d1b:   89 4c 24 08 53 55 56 57 41 54 41 55 41 56 41 57
0x00007ffedf1f5d2b:   48 83 ec 48 4d 8b 78 08 40 32 ed 33 c0 4c 89 7c
0x00007ffedf1f5d3b:   24 20 48 89 84 24 a8 00 00 00 49 8b d9 b8 01 00
0x00007ffedf1f5d4b:   00 00 4c 8b ea 4c 8b f1 f0 48 0f c1 05 9c 1e 3c 


Stack slot to memory mapping:
stack at sp + 0 slots: 0x0000000300000000 is an unknown value
stack at sp + 1 slots: 0x0000000800419f20 is pointing into metadata
stack at sp + 2 slots: 0x0 is NULL
stack at sp + 3 slots: 0x00007ffedecfa62e jvm.dll
stack at sp + 4 slots: 0x0000000000000094 is an unknown value
stack at sp + 5 slots: 0x0000022929c57260 is pointing into metadata
stack at sp + 6 slots: 0x000000bdcc4fa830 is pointing into the stack for thread: 0x0000022922f3ac20
stack at sp + 7 slots: 0x0000000000000094 is an unknown value


---------------  P R O C E S S  ---------------

Threads class SMR info:
_java_thread_list=0x00000229253d6c40, length=21, elements={
0x000002297f69f9f0, 0x0000022921810430, 0x0000022921812bc0, 0x000002292181f140,
0x000002292181fd40, 0x0000022921822850, 0x0000022921823250, 0x0000022921824030,
0x00000229218931f0, 0x00000229218977a0, 0x00000229224c5ad0, 0x00000229224dc1e0,
0x0000022922b6b010, 0x0000022922f2b3b0, 0x0000022922f3ac20, 0x0000022925802610,
0x00000229258040a0, 0x00000229258020c0, 0x0000022925800b80, 0x0000022925801b70,
0x0000022925802b60
}

Java Threads: ( => current thread )
  0x000002297f69f9f0 JavaThread "main" [_thread_blocked, id=10196, stack(0x000000bdcab00000,0x000000bdcac00000)]
  0x0000022921810430 JavaThread "Reference Handler" daemon [_thread_blocked, id=1084, stack(0x000000bdcb200000,0x000000bdcb300000)]
  0x0000022921812bc0 JavaThread "Finalizer" daemon [_thread_blocked, id=19916, stack(0x000000bdcb300000,0x000000bdcb400000)]
  0x000002292181f140 JavaThread "Signal Dispatcher" daemon [_thread_blocked, id=17212, stack(0x000000bdcb400000,0x000000bdcb500000)]
  0x000002292181fd40 JavaThread "Attach Listener" daemon [_thread_blocked, id=18552, stack(0x000000bdcb500000,0x000000bdcb600000)]
  0x0000022921822850 JavaThread "Service Thread" daemon [_thread_blocked, id=10704, stack(0x000000bdcb600000,0x000000bdcb700000)]
  0x0000022921823250 JavaThread "Monitor Deflation Thread" daemon [_thread_blocked, id=14636, stack(0x000000bdcb700000,0x000000bdcb800000)]
  0x0000022921824030 JavaThread "C2 CompilerThread0" daemon [_thread_blocked, id=1288, stack(0x000000bdcb800000,0x000000bdcb900000)]
  0x00000229218931f0 JavaThread "C1 CompilerThread0" daemon [_thread_blocked, id=16224, stack(0x000000bdcb900000,0x000000bdcba00000)]
  0x00000229218977a0 JavaThread "Sweeper thread" daemon [_thread_blocked, id=20532, stack(0x000000bdcba00000,0x000000bdcbb00000)]
  0x00000229224c5ad0 JavaThread "Notification Thread" daemon [_thread_blocked, id=18836, stack(0x000000bdcbb00000,0x000000bdcbc00000)]
  0x00000229224dc1e0 JavaThread "Common-Cleaner" daemon [_thread_blocked, id=20264, stack(0x000000bdcbd00000,0x000000bdcbe00000)]
  0x0000022922b6b010 JavaThread "C2 CompilerThread1" daemon [_thread_blocked, id=16452, stack(0x000000bdcc200000,0x000000bdcc300000)]
  0x0000022922f2b3b0 JavaThread "Thread-0" [_thread_blocked, id=20744, stack(0x000000bdcc300000,0x000000bdcc400000)]
=>0x0000022922f3ac20 JavaThread "restartedMain" [_thread_in_vm, id=10300, stack(0x000000bdcc400000,0x000000bdcc500000)]
  0x0000022925802610 JavaThread "Catalina-utility-1" [_thread_blocked, id=14112, stack(0x000000bdcc500000,0x000000bdcc600000)]
  0x00000229258040a0 JavaThread "Catalina-utility-2" [_thread_blocked, id=11636, stack(0x000000bdcc600000,0x000000bdcc700000)]
  0x00000229258020c0 JavaThread "container-0" [_thread_blocked, id=21004, stack(0x000000bdcc700000,0x000000bdcc800000)]
  0x0000022925800b80 JavaThread "mysql-cj-abandoned-connection-cleanup" daemon [_thread_blocked, id=7948, stack(0x000000bdcc800000,0x000000bdcc900000)]
  0x0000022925801b70 JavaThread "HikariPool-1 housekeeper" daemon [_thread_blocked, id=17216, stack(0x000000bdcca00000,0x000000bdccb00000)]
  0x0000022925802b60 JavaThread "HikariPool-1 connection adder" daemon [_thread_blocked, id=9424, stack(0x000000bdccb00000,0x000000bdccc00000)]

Other Threads:
  0x000002292180b040 VMThread "VM Thread" [stack: 0x000000bdcb100000,0x000000bdcb200000] [id=7352]
  0x00000229224cc410 WatcherThread [stack: 0x000000bdcbc00000,0x000000bdcbd00000] [id=20344]
  0x000002297f6e1b70 GCTaskThread "GC Thread#0" [stack: 0x000000bdcac00000,0x000000bdcad00000] [id=8244]
  0x0000022922d1a760 GCTaskThread "GC Thread#1" [stack: 0x000000bdcbe00000,0x000000bdcbf00000] [id=17660]
  0x0000022922d1aa70 GCTaskThread "GC Thread#2" [stack: 0x000000bdcbf00000,0x000000bdcc000000] [id=18696]
  0x0000022922d1ad80 GCTaskThread "GC Thread#3" [stack: 0x000000bdcc000000,0x000000bdcc100000] [id=5624]
  0x000002297f6ee9c0 ConcurrentGCThread "G1 Main Marker" [stack: 0x000000bdcad00000,0x000000bdcae00000] [id=20316]
  0x000002297f6f0d20 ConcurrentGCThread "G1 Conc#0" [stack: 0x000000bdcae00000,0x000000bdcaf00000] [id=12044]
  0x00000229216c0090 ConcurrentGCThread "G1 Refine#0" [stack: 0x000000bdcaf00000,0x000000bdcb000000] [id=22488]
  0x0000022922b1f1f0 ConcurrentGCThread "G1 Refine#1" [stack: 0x000000bdcc100000,0x000000bdcc200000] [id=11676]
  0x00000229216c12b0 ConcurrentGCThread "G1 Service" [stack: 0x000000bdcb000000,0x000000bdcb100000] [id=17676]

Threads with active compile tasks:

VM state: not at safepoint (normal execution)

VM Mutex/Monitor currently owned by a thread: None

Heap address: 0x0000000741e00000, size: 3042 MB, Compressed Oops mode: Zero based, Oop shift amount: 3

CDS archive(s) mapped at: [0x0000000800000000-0x0000000800bb0000-0x0000000800bb0000), size 12255232, SharedBaseAddress: 0x0000000800000000, ArchiveRelocationMode: 0.
Compressed class space mapped at: 0x0000000800c00000-0x0000000840c00000, reserved size: 1073741824
Narrow klass base: 0x0000000800000000, Narrow klass shift: 3, Narrow klass range: 0x100000000

GC Precious Log:
 CPUs: 4 total, 4 available
 Memory: 12160M
 Large Page Support: Disabled
 NUMA Support: Disabled
 Compressed Oops: Enabled (Zero based)
 Heap Region Size: 2M
 Heap Min Capacity: 8M
 Heap Initial Capacity: 192M
 Heap Max Capacity: 3042M
 Pre-touch: Disabled
 Parallel Workers: 4
 Concurrent Workers: 1
 Concurrent Refinement Workers: 4
 Periodic GC: Disabled

Heap:
 garbage-first heap   total 75776K, used 25704K [0x0000000741e00000, 0x0000000800000000)
  region size 2048K, 8 young (16384K), 3 survivors (6144K)
 Metaspace       used 37680K, committed 37952K, reserved 1089536K
  class space    used 4935K, committed 5056K, reserved 1048576K

Heap Regions: E=young(eden), S=young(survivor), O=old, HS=humongous(starts), HC=humongous(continues), CS=collection set, F=free, OA=open archive, CA=closed archive, TAMS=top-at-mark-start (previous, next)
|   0|0x0000000741e00000, 0x0000000742000000, 0x0000000742000000|100%| O|  |TAMS 0x0000000742000000, 0x0000000741e00000| Untracked 
|   1|0x0000000742000000, 0x0000000742200000, 0x0000000742200000|100%| O|  |TAMS 0x0000000742200000, 0x0000000742000000| Untracked 
|   2|0x0000000742200000, 0x000000074231ca00, 0x0000000742400000| 55%| O|  |TAMS 0x000000074231ca00, 0x0000000742200000| Untracked 
|   3|0x0000000742400000, 0x0000000742600000, 0x0000000742600000|100%| O|  |TAMS 0x0000000742600000, 0x0000000742400000| Untracked 
|   4|0x0000000742600000, 0x0000000742800000, 0x0000000742800000|100%| O|  |TAMS 0x0000000742800000, 0x0000000742600000| Untracked 
|   5|0x0000000742800000, 0x0000000742a00000, 0x0000000742a00000|100%| O|  |TAMS 0x0000000742a00000, 0x0000000742800000| Untracked 
|   6|0x0000000742a00000, 0x0000000742bc8200, 0x0000000742c00000| 89%| O|  |TAMS 0x0000000742bc8200, 0x0000000742a00000| Untracked 
|   7|0x0000000742c00000, 0x0000000742c00000, 0x0000000742e00000|  0%| F|  |TAMS 0x0000000742c00000, 0x0000000742c00000| Untracked 
|   8|0x0000000742e00000, 0x0000000742e00000, 0x0000000743000000|  0%| F|  |TAMS 0x0000000742e00000, 0x0000000742e00000| Untracked 
|   9|0x0000000743000000, 0x0000000743000000, 0x0000000743200000|  0%| F|  |TAMS 0x0000000743000000, 0x0000000743000000| Untracked 
|  10|0x0000000743200000, 0x0000000743200000, 0x0000000743400000|  0%| F|  |TAMS 0x0000000743200000, 0x0000000743200000| Untracked 
|  11|0x0000000743400000, 0x0000000743400000, 0x0000000743600000|  0%| F|  |TAMS 0x0000000743400000, 0x0000000743400000| Untracked 
|  12|0x0000000743600000, 0x0000000743600000, 0x0000000743800000|  0%| F|  |TAMS 0x0000000743600000, 0x0000000743600000| Untracked 
|  13|0x0000000743800000, 0x0000000743800000, 0x0000000743a00000|  0%| F|  |TAMS 0x0000000743800000, 0x0000000743800000| Untracked 
|  14|0x0000000743a00000, 0x0000000743a00000, 0x0000000743c00000|  0%| F|  |TAMS 0x0000000743a00000, 0x0000000743a00000| Untracked 
|  15|0x0000000743c00000, 0x0000000743c00000, 0x0000000743e00000|  0%| F|  |TAMS 0x0000000743c00000, 0x0000000743c00000| Untracked 
|  16|0x0000000743e00000, 0x0000000743e00000, 0x0000000744000000|  0%| F|  |TAMS 0x0000000743e00000, 0x0000000743e00000| Untracked 
|  17|0x0000000744000000, 0x0000000744000000, 0x0000000744200000|  0%| F|  |TAMS 0x0000000744000000, 0x0000000744000000| Untracked 
|  18|0x0000000744200000, 0x0000000744200000, 0x0000000744400000|  0%| F|  |TAMS 0x0000000744200000, 0x0000000744200000| Untracked 
|  19|0x0000000744400000, 0x0000000744400000, 0x0000000744600000|  0%| F|  |TAMS 0x0000000744400000, 0x0000000744400000| Untracked 
|  20|0x0000000744600000, 0x0000000744600000, 0x0000000744800000|  0%| F|  |TAMS 0x0000000744600000, 0x0000000744600000| Untracked 
|  21|0x0000000744800000, 0x0000000744800000, 0x0000000744a00000|  0%| F|  |TAMS 0x0000000744800000, 0x0000000744800000| Untracked 
|  22|0x0000000744a00000, 0x0000000744a00000, 0x0000000744c00000|  0%| F|  |TAMS 0x0000000744a00000, 0x0000000744a00000| Untracked 
|  23|0x0000000744c00000, 0x0000000744c00000, 0x0000000744e00000|  0%| F|  |TAMS 0x0000000744c00000, 0x0000000744c00000| Untracked 
|  24|0x0000000744e00000, 0x0000000744e00000, 0x0000000745000000|  0%| F|  |TAMS 0x0000000744e00000, 0x0000000744e00000| Untracked 
|  25|0x0000000745000000, 0x0000000745000000, 0x0000000745200000|  0%| F|  |TAMS 0x0000000745000000, 0x0000000745000000| Untracked 
|  26|0x0000000745200000, 0x0000000745200000, 0x0000000745400000|  0%| F|  |TAMS 0x0000000745200000, 0x0000000745200000| Untracked 
|  27|0x0000000745400000, 0x0000000745400000, 0x0000000745600000|  0%| F|  |TAMS 0x0000000745400000, 0x0000000745400000| Untracked 
|  28|0x0000000745600000, 0x0000000745600000, 0x0000000745800000|  0%| F|  |TAMS 0x0000000745600000, 0x0000000745600000| Untracked 
|  29|0x0000000745800000, 0x0000000745a00000, 0x0000000745a00000|100%| E|  |TAMS 0x0000000745800000, 0x0000000745800000| Complete 
|  30|0x0000000745a00000, 0x0000000745c00000, 0x0000000745c00000|100%| E|CS|TAMS 0x0000000745a00000, 0x0000000745a00000| Complete 
|  31|0x0000000745c00000, 0x0000000745e00000, 0x0000000745e00000|100%| E|CS|TAMS 0x0000000745c00000, 0x0000000745c00000| Complete 
|  32|0x0000000745e00000, 0x0000000746000000, 0x0000000746000000|100%| E|CS|TAMS 0x0000000745e00000, 0x0000000745e00000| Complete 
|  40|0x0000000746e00000, 0x0000000746e356b0, 0x0000000747000000| 10%| S|CS|TAMS 0x0000000746e00000, 0x0000000746e00000| Complete 
|  41|0x0000000747000000, 0x0000000747200000, 0x0000000747200000|100%| S|CS|TAMS 0x0000000747000000, 0x0000000747000000| Complete 
|  42|0x0000000747200000, 0x0000000747400000, 0x0000000747400000|100%| S|CS|TAMS 0x0000000747200000, 0x0000000747200000| Complete 
|  95|0x000000074dc00000, 0x000000074de00000, 0x000000074de00000|100%| E|CS|TAMS 0x000000074dc00000, 0x000000074dc00000| Complete 

Card table byte_map: [0x0000022918700000,0x0000022918d00000] _byte_map_base: 0x0000022914cf1000

Marking Bits (Prev, Next): (CMBitMap*) 0x000002297f6e21e0, (CMBitMap*) 0x000002297f6e2220
 Prev Bits: [0x0000022919300000, 0x000002291c288000)
 Next Bits: [0x000002291c290000, 0x000002291f218000)

Polling page: 0x0000022901410000

Metaspace:

Usage:
  Non-class:     31.98 MB used.
      Class:      4.82 MB used.
       Both:     36.80 MB used.

Virtual space:
  Non-class space:       40.00 MB reserved,      32.12 MB ( 80%) committed,  5 nodes.
      Class space:        1.00 GB reserved,       4.94 MB ( <1%) committed,  1 nodes.
              Both:        1.04 GB reserved,      37.06 MB (  3%) committed. 

Chunk freelists:
   Non-Class:  3.66 MB
       Class:  2.95 MB
        Both:  6.61 MB

MaxMetaspaceSize: 17179869184.00 GB
CompressedClassSpaceSize: 1.00 GB
 - commit_granule_bytes: 65536.
 - commit_granule_words: 8192.
 - virtual_space_node_default_size: 1048576.
 - enlarge_chunks_in_place: 1.
 - new_chunks_are_fully_committed: 0.
 - uncommit_free_chunks: 1.
 - use_allocation_guard: 0.
 - handle_deallocations: 1.


Internal statistics:

num_allocs_failed_limit: 6.
num_arena_births: 338.
num_arena_deaths: 0.
num_vsnodes_births: 6.
num_vsnodes_deaths: 0.
num_space_committed: 593.
num_space_uncommitted: 0.
num_chunks_returned_to_freelist: 6.
num_chunks_taken_from_freelist: 1671.
num_chunk_merges: 0.
num_chunk_splits: 1175.
num_chunks_enlarged: 929.
num_purges: 0.

CodeHeap 'non-profiled nmethods': size=120000Kb used=2320Kb max_used=2320Kb free=117679Kb
 bounds [0x00000229105a0000, 0x0000022910810000, 0x0000022917ad0000]
CodeHeap 'profiled nmethods': size=120000Kb used=8628Kb max_used=8628Kb free=111371Kb
 bounds [0x0000022909070000, 0x00000229098e0000, 0x00000229105a0000]
CodeHeap 'non-nmethods': size=5760Kb used=1257Kb max_used=1294Kb free=4502Kb
 bounds [0x0000022908ad0000, 0x0000022908d40000, 0x0000022909070000]
 total_blobs=4475 nmethods=3909 adapters=478
 compilation: enabled
              stopped_count=0, restarted_count=0
 full_count=0

Compilation events (20 events):
Event: 6.703 Thread 0x00000229218931f0 3915       3       org.hibernate.annotations.common.reflection.java.JavaReflectionManager::getMetadataProvider (23 bytes)
Event: 6.704 Thread 0x00000229218931f0 nmethod 3915 0x00000229098d9c90 code [0x00000229098d9e40, 0x00000229098da138]
Event: 6.704 Thread 0x00000229218931f0 3916       3       org.hibernate.annotations.common.reflection.java.JavaXAnnotatedElement::getAnnotationReader (12 bytes)
Event: 6.704 Thread 0x00000229218931f0 nmethod 3916 0x00000229098da290 code [0x00000229098da460, 0x00000229098da908]
Event: 6.704 Thread 0x00000229218931f0 3917       3       org.hibernate.annotations.common.reflection.java.JavaReflectionManager::buildAnnotationReader (11 bytes)
Event: 6.704 Thread 0x00000229218931f0 nmethod 3917 0x00000229098daa90 code [0x00000229098dac60, 0x00000229098db088]
Event: 6.706 Thread 0x0000022922b6b010 nmethod 3910 0x00000229107d8110 code [0x00000229107d83a0, 0x00000229107da670]
Event: 6.706 Thread 0x0000022922b6b010 3918       4       java.util.jar.JarFile::getManifest (5 bytes)
Event: 6.710 Thread 0x00000229218931f0 3919       3       org.hibernate.cfg.annotations.reflection.internal.JPAXMLOverriddenMetadataProvider::getAnnotationReader (92 bytes)
Event: 6.711 Thread 0x00000229218931f0 nmethod 3919 0x00000229098db210 code [0x00000229098db460, 0x00000229098dbd98]
Event: 6.711 Thread 0x00000229218931f0 3920       3       org.hibernate.annotations.common.reflection.java.JavaXAnnotatedElement::isAnnotationPresent (11 bytes)
Event: 6.712 Thread 0x00000229218931f0 nmethod 3920 0x00000229098dc090 code [0x00000229098dc2a0, 0x00000229098dc938]
Event: 6.712 Thread 0x00000229218931f0 3921       3       org.hibernate.annotations.common.reflection.java.JavaAnnotationReader::isAnnotationPresent (11 bytes)
Event: 6.712 Thread 0x00000229218931f0 nmethod 3921 0x00000229098dcb90 code [0x00000229098dcd40, 0x00000229098dcf28]
Event: 6.712 Thread 0x00000229218931f0 3922       1       org.hibernate.annotations.common.reflection.java.JavaXAnnotatedElement::getFactory (5 bytes)
Event: 6.712 Thread 0x00000229218931f0 nmethod 3922 0x00000229107db910 code [0x00000229107dbaa0, 0x00000229107dbb78]
Event: 6.712 Thread 0x00000229218931f0 3923       1       org.hibernate.annotations.common.reflection.java.JavaXClass::getTypeEnvironment (5 bytes)
Event: 6.712 Thread 0x00000229218931f0 nmethod 3923 0x00000229107dbc10 code [0x00000229107dbda0, 0x00000229107dbe78]
Event: 6.715 Thread 0x00000229218931f0 3924       3       java.util.List::of (4 bytes)
Event: 6.715 Thread 0x00000229218931f0 nmethod 3924 0x00000229098dd010 code [0x00000229098dd1a0, 0x00000229098dd298]

GC Heap History (20 events):
Event: 0.745 GC heap before
{Heap before GC invocations=0 (full 0):
 garbage-first heap   total 196608K, used 10240K [0x0000000741e00000, 0x0000000800000000)
  region size 2048K, 6 young (12288K), 0 survivors (0K)
 Metaspace       used 2235K, committed 2368K, reserved 1056768K
  class space    used 195K, committed 256K, reserved 1048576K
}
Event: 0.749 GC heap after
{Heap after GC invocations=1 (full 0):
 garbage-first heap   total 196608K, used 5073K [0x0000000741e00000, 0x0000000800000000)
  region size 2048K, 1 young (2048K), 1 survivors (2048K)
 Metaspace       used 2235K, committed 2368K, reserved 1056768K
  class space    used 195K, committed 256K, reserved 1048576K
}
Event: 0.986 GC heap before
{Heap before GC invocations=1 (full 0):
 garbage-first heap   total 196608K, used 11217K [0x0000000741e00000, 0x0000000800000000)
  region size 2048K, 5 young (10240K), 1 survivors (2048K)
 Metaspace       used 4302K, committed 4544K, reserved 1056768K
  class space    used 448K, committed 576K, reserved 1048576K
}
Event: 0.989 GC heap after
{Heap after GC invocations=2 (full 0):
 garbage-first heap   total 196608K, used 5851K [0x0000000741e00000, 0x0000000800000000)
  region size 2048K, 1 young (2048K), 1 survivors (2048K)
 Metaspace       used 4302K, committed 4544K, reserved 1056768K
  class space    used 448K, committed 576K, reserved 1048576K
}
Event: 1.005 GC heap before
{Heap before GC invocations=2 (full 0):
 garbage-first heap   total 196608K, used 26331K [0x0000000741e00000, 0x0000000800000000)
  region size 2048K, 12 young (24576K), 1 survivors (2048K)
 Metaspace       used 4302K, committed 4544K, reserved 1056768K
  class space    used 448K, committed 576K, reserved 1048576K
}
Event: 1.007 GC heap after
{Heap after GC invocations=3 (full 0):
 garbage-first heap   total 196608K, used 5884K [0x0000000741e00000, 0x0000000800000000)
  region size 2048K, 1 young (2048K), 1 survivors (2048K)
 Metaspace       used 4302K, committed 4544K, reserved 1056768K
  class space    used 448K, committed 576K, reserved 1048576K
}
Event: 2.569 GC heap before
{Heap before GC invocations=3 (full 0):
 garbage-first heap   total 196608K, used 118524K [0x0000000741e00000, 0x0000000800000000)
  region size 2048K, 57 young (116736K), 1 survivors (2048K)
 Metaspace       used 16601K, committed 16896K, reserved 1064960K
  class space    used 1986K, committed 2112K, reserved 1048576K
}
Event: 2.575 GC heap after
{Heap after GC invocations=4 (full 0):
 garbage-first heap   total 196608K, used 9400K [0x0000000741e00000, 0x0000000800000000)
  region size 2048K, 3 young (6144K), 3 survivors (6144K)
 Metaspace       used 16601K, committed 16896K, reserved 1064960K
  class space    used 1986K, committed 2112K, reserved 1048576K
}
Event: 3.647 GC heap before
{Heap before GC invocations=4 (full 0):
 garbage-first heap   total 196608K, used 42168K [0x0000000741e00000, 0x0000000800000000)
  region size 2048K, 20 young (40960K), 3 survivors (6144K)
 Metaspace       used 21009K, committed 21248K, reserved 1073152K
  class space    used 2566K, committed 2688K, reserved 1048576K
}
Event: 3.657 GC heap after
{Heap after GC invocations=5 (full 0):
 garbage-first heap   total 196608K, used 11378K [0x0000000741e00000, 0x0000000800000000)
  region size 2048K, 3 young (6144K), 3 survivors (6144K)
 Metaspace       used 21009K, committed 21248K, reserved 1073152K
  class space    used 2566K, committed 2688K, reserved 1048576K
}
Event: 4.933 GC heap before
{Heap before GC invocations=6 (full 0):
 garbage-first heap   total 49152K, used 46194K [0x0000000741e00000, 0x0000000800000000)
  region size 2048K, 21 young (43008K), 3 survivors (6144K)
 Metaspace       used 24816K, committed 25152K, reserved 1073152K
  class space    used 3067K, committed 3264K, reserved 1048576K
}
Event: 4.942 GC heap after
{Heap after GC invocations=7 (full 0):
 garbage-first heap   total 57344K, used 13401K [0x0000000741e00000, 0x0000000800000000)
  region size 2048K, 4 young (8192K), 4 survivors (8192K)
 Metaspace       used 24816K, committed 25152K, reserved 1073152K
  class space    used 3067K, committed 3264K, reserved 1048576K
}
Event: 5.051 GC heap before
{Heap before GC invocations=7 (full 0):
 garbage-first heap   total 57344K, used 35929K [0x0000000741e00000, 0x0000000800000000)
  region size 2048K, 16 young (32768K), 4 survivors (8192K)
 Metaspace       used 25530K, committed 25856K, reserved 1073152K
  class space    used 3128K, committed 3264K, reserved 1048576K
}
Event: 5.059 GC heap after
{Heap after GC invocations=8 (full 0):
 garbage-first heap   total 57344K, used 14431K [0x0000000741e00000, 0x0000000800000000)
  region size 2048K, 2 young (4096K), 2 survivors (4096K)
 Metaspace       used 25530K, committed 25856K, reserved 1073152K
  class space    used 3128K, committed 3264K, reserved 1048576K
}
Event: 5.067 GC heap before
{Heap before GC invocations=8 (full 0):
 garbage-first heap   total 57344K, used 41055K [0x0000000741e00000, 0x0000000800000000)
  region size 2048K, 16 young (32768K), 2 survivors (4096K)
 Metaspace       used 25530K, committed 25856K, reserved 1073152K
  class space    used 3128K, committed 3264K, reserved 1048576K
}
Event: 5.071 GC heap after
{Heap after GC invocations=9 (full 0):
 garbage-first heap   total 57344K, used 13909K [0x0000000741e00000, 0x0000000800000000)
  region size 2048K, 1 young (2048K), 1 survivors (2048K)
 Metaspace       used 25530K, committed 25856K, reserved 1073152K
  class space    used 3128K, committed 3264K, reserved 1048576K
}
Event: 5.588 GC heap before
{Heap before GC invocations=9 (full 0):
 garbage-first heap   total 57344K, used 40533K [0x0000000741e00000, 0x0000000800000000)
  region size 2048K, 15 young (30720K), 1 survivors (2048K)
 Metaspace       used 28037K, committed 28352K, reserved 1081344K
  class space    used 3455K, committed 3584K, reserved 1048576K
}
Event: 5.592 GC heap after
{Heap after GC invocations=10 (full 0):
 garbage-first heap   total 116736K, used 14876K [0x0000000741e00000, 0x0000000800000000)
  region size 2048K, 1 young (2048K), 1 survivors (2048K)
 Metaspace       used 28037K, committed 28352K, reserved 1081344K
  class space    used 3455K, committed 3584K, reserved 1048576K
}
Event: 6.402 GC heap before
{Heap before GC invocations=10 (full 0):
 garbage-first heap   total 116736K, used 41500K [0x0000000741e00000, 0x0000000800000000)
  region size 2048K, 15 young (30720K), 1 survivors (2048K)
 Metaspace       used 35194K, committed 35520K, reserved 1081344K
  class space    used 4503K, committed 4672K, reserved 1048576K
}
Event: 6.407 GC heap after
{Heap after GC invocations=11 (full 0):
 garbage-first heap   total 116736K, used 17512K [0x0000000741e00000, 0x0000000800000000)
  region size 2048K, 3 young (6144K), 3 survivors (6144K)
 Metaspace       used 35194K, committed 35520K, reserved 1081344K
  class space    used 4503K, committed 4672K, reserved 1048576K
}

Deoptimization events (20 events):
Event: 5.789 Thread 0x0000022922f3ac20 Uncommon trap: trap_request=0xffffff45 fr.pc=0x00000229106b0700 relative=0x0000000000000260
Event: 5.789 Thread 0x0000022922f3ac20 Uncommon trap: reason=unstable_if action=reinterpret pc=0x00000229106b0700 method=java.lang.String.getChars(II[CI)V @ 23 c2
Event: 5.789 Thread 0x0000022922f3ac20 DEOPT PACKING pc=0x00000229106b0700 sp=0x000000bdcc4fc350
Event: 5.789 Thread 0x0000022922f3ac20 DEOPT UNPACKING pc=0x0000022908b1d72e sp=0x000000bdcc4fc310 mode 2
Event: 5.808 Thread 0x0000022922f3ac20 Uncommon trap: trap_request=0xffffffbe fr.pc=0x0000022910775990 relative=0x0000000000000850
Event: 5.808 Thread 0x0000022922f3ac20 Uncommon trap: reason=profile_predicate action=maybe_recompile pc=0x0000022910775990 method=java.lang.PublicMethods$MethodList.filter([Ljava/lang/reflect/Method;Ljava/lang/String;[Ljava/lang/Class;Z)Ljava/lang/PublicMethods$MethodList; @ 21 c2
Event: 5.808 Thread 0x0000022922f3ac20 DEOPT PACKING pc=0x0000022910775990 sp=0x000000bdcc4fc020
Event: 5.808 Thread 0x0000022922f3ac20 DEOPT UNPACKING pc=0x0000022908b1d72e sp=0x000000bdcc4fbfd8 mode 2
Event: 5.808 Thread 0x0000022922f3ac20 Uncommon trap: trap_request=0xffffffbe fr.pc=0x0000022910775990 relative=0x0000000000000850
Event: 5.808 Thread 0x0000022922f3ac20 Uncommon trap: reason=profile_predicate action=maybe_recompile pc=0x0000022910775990 method=java.lang.PublicMethods$MethodList.filter([Ljava/lang/reflect/Method;Ljava/lang/String;[Ljava/lang/Class;Z)Ljava/lang/PublicMethods$MethodList; @ 21 c2
Event: 5.808 Thread 0x0000022922f3ac20 DEOPT PACKING pc=0x0000022910775990 sp=0x000000bdcc4fc020
Event: 5.808 Thread 0x0000022922f3ac20 DEOPT UNPACKING pc=0x0000022908b1d72e sp=0x000000bdcc4fbfd8 mode 2
Event: 5.808 Thread 0x0000022922f3ac20 Uncommon trap: trap_request=0xffffffbe fr.pc=0x0000022910775990 relative=0x0000000000000850
Event: 5.808 Thread 0x0000022922f3ac20 Uncommon trap: reason=profile_predicate action=maybe_recompile pc=0x0000022910775990 method=java.lang.PublicMethods$MethodList.filter([Ljava/lang/reflect/Method;Ljava/lang/String;[Ljava/lang/Class;Z)Ljava/lang/PublicMethods$MethodList; @ 21 c2
Event: 5.808 Thread 0x0000022922f3ac20 DEOPT PACKING pc=0x0000022910775990 sp=0x000000bdcc4fc020
Event: 5.808 Thread 0x0000022922f3ac20 DEOPT UNPACKING pc=0x0000022908b1d72e sp=0x000000bdcc4fbfd8 mode 2
Event: 5.858 Thread 0x0000022922f3ac20 Uncommon trap: trap_request=0xffffff45 fr.pc=0x0000022910769e88 relative=0x0000000000002f28
Event: 5.858 Thread 0x0000022922f3ac20 Uncommon trap: reason=unstable_if action=reinterpret pc=0x0000022910769e88 method=java.net.URLStreamHandler.parseURL(Ljava/net/URL;Ljava/lang/String;II)V @ 57 c2
Event: 5.858 Thread 0x0000022922f3ac20 DEOPT PACKING pc=0x0000022910769e88 sp=0x000000bdcc4fd5a0
Event: 5.858 Thread 0x0000022922f3ac20 DEOPT UNPACKING pc=0x0000022908b1d72e sp=0x000000bdcc4fd550 mode 2

Classes unloaded (0 events):
No events

Classes redefined (0 events):
No events

Internal exceptions (20 events):
Event: 3.783 Thread 0x0000022922f3ac20 Exception <a 'java/lang/NoSuchMethodError'{0x00000007444903e8}: 'int java.lang.invoke.DirectMethodHandle$Holder.invokeSpecial(java.lang.Object, java.lang.Object, java.lang.Object, java.lang.Object, java.lang.Object)'> (0x00000007444903e8) 
thrown [t:\workspace\open\src\hotspot\share\interpreter\linkResolver.cpp, line 790]
Event: 3.886 Thread 0x0000022922f3ac20 Exception <a 'java/lang/NoSuchMethodError'{0x0000000744266760}: 'java.lang.Object java.lang.invoke.DirectMethodHandle$Holder.invokeStatic(java.lang.Object, java.lang.Object, int)'> (0x0000000744266760) 
thrown [t:\workspace\open\src\hotspot\share\interpreter\linkResolver.cpp, line 790]
Event: 3.888 Thread 0x0000022922f3ac20 Exception <a 'java/lang/NoSuchMethodError'{0x00000007442728b0}: 'void java.lang.invoke.DelegatingMethodHandle$Holder.delegate(java.lang.Object, java.lang.Object, int, java.lang.Object)'> (0x00000007442728b0) 
thrown [t:\workspace\open\src\hotspot\share\interpreter\linkResolver.cpp, line 790]
Event: 4.154 Thread 0x0000022922f3ac20 Exception <a 'java/lang/NoSuchMethodError'{0x000000074405cce0}: 'void java.lang.invoke.DirectMethodHandle$Holder.invokeInterface(java.lang.Object, java.lang.Object, int)'> (0x000000074405cce0) 
thrown [t:\workspace\open\src\hotspot\share\interpreter\linkResolver.cpp, line 790]
Event: 4.174 Thread 0x0000022922f3ac20 Exception <a 'java/lang/IncompatibleClassChangeError'{0x00000007440afa50}: Found class java.lang.Object, but interface was expected> (0x00000007440afa50) 
thrown [t:\workspace\open\src\hotspot\share\interpreter\linkResolver.cpp, line 857]
Event: 4.175 Thread 0x0000022922f3ac20 Exception <a 'java/lang/NoSuchMethodError'{0x00000007440b5158}: 'void java.lang.invoke.DirectMethodHandle$Holder.invokeStatic(java.lang.Object, int, java.lang.Object)'> (0x00000007440b5158) 
thrown [t:\workspace\open\src\hotspot\share\interpreter\linkResolver.cpp, line 790]
Event: 4.187 Thread 0x0000022922f3ac20 Exception <a 'java/lang/NoSuchMethodError'{0x00000007440e5538}: 'int java.lang.invoke.DirectMethodHandle$Holder.invokeSpecial(java.lang.Object, java.lang.Object, int)'> (0x00000007440e5538) 
thrown [t:\workspace\open\src\hotspot\share\interpreter\linkResolver.cpp, line 790]
Event: 4.666 Thread 0x0000022922f3ac20 Exception <a 'java/lang/NoSuchMethodError'{0x0000000743ce9260}: 'java.lang.Object java.lang.invoke.DirectMethodHandle$Holder.invokeStaticInit(java.lang.Object, int, int, int, int)'> (0x0000000743ce9260) 
thrown [t:\workspace\open\src\hotspot\share\interpreter\linkResolver.cpp, line 790]
Event: 4.750 Thread 0x0000022922f3ac20 Exception <a 'java/lang/NoSuchMethodError'{0x0000000743db7060}: 'java.lang.Object java.lang.invoke.DirectMethodHandle$Holder.invokeStaticInit(java.lang.Object, java.lang.Object, int, int, int, int)'> (0x0000000743db7060) 
thrown [t:\workspace\open\src\hotspot\share\interpreter\linkResolver.cpp, line 790]
Event: 4.964 Thread 0x0000022922f3ac20 Exception <a 'sun/nio/fs/WindowsException'{0x0000000743997a48}> (0x0000000743997a48) 
thrown [t:\workspace\open\src\hotspot\share\prims\jni.cpp, line 579]
Event: 4.965 Thread 0x0000022922f3ac20 Exception <a 'sun/nio/fs/WindowsException'{0x000000074399d840}> (0x000000074399d840) 
thrown [t:\workspace\open\src\hotspot\share\prims\jni.cpp, line 579]
Event: 4.966 Thread 0x0000022922f3ac20 Exception <a 'sun/nio/fs/WindowsException'{0x000000074399db58}> (0x000000074399db58) 
thrown [t:\workspace\open\src\hotspot\share\prims\jni.cpp, line 579]
Event: 4.966 Thread 0x0000022922f3ac20 Exception <a 'sun/nio/fs/WindowsException'{0x000000074399ec18}> (0x000000074399ec18) 
thrown [t:\workspace\open\src\hotspot\share\prims\jni.cpp, line 579]
Event: 4.966 Thread 0x0000022922f3ac20 Exception <a 'sun/nio/fs/WindowsException'{0x000000074399ef98}> (0x000000074399ef98) 
thrown [t:\workspace\open\src\hotspot\share\prims\jni.cpp, line 579]
Event: 5.040 Thread 0x0000022922f3ac20 Implicit null exception at 0x000002291063a84c to 0x000002291063be68
Event: 5.152 Thread 0x0000022922f3ac20 Exception <a 'java/io/FileNotFoundException'{0x000000074483db20}> (0x000000074483db20) 
thrown [t:\workspace\open\src\hotspot\share\prims\jni.cpp, line 579]
Event: 5.186 Thread 0x0000022922f3ac20 Exception <a 'java/lang/NoSuchMethodError'{0x000000074462f640}: 'int java.lang.invoke.DirectMethodHandle$Holder.invokeInterface(java.lang.Object, java.lang.Object, java.lang.Object, java.lang.Object)'> (0x000000074462f640) 
thrown [t:\workspace\open\src\hotspot\share\interpreter\linkResolver.cpp, line 790]
Event: 5.269 Thread 0x0000022922f3ac20 Exception <a 'java/io/FileNotFoundException'{0x000000074441af70}> (0x000000074441af70) 
thrown [t:\workspace\open\src\hotspot\share\prims\jni.cpp, line 579]
Event: 5.519 Thread 0x0000022922f3ac20 Implicit null exception at 0x0000022910738c00 to 0x0000022910739198
Event: 5.816 Thread 0x0000022922f3ac20 Exception <a 'java/lang/NoSuchMethodError'{0x000000074b6c8e28}: 'java.lang.Object java.lang.invoke.DirectMethodHandle$Holder.invokeStaticInit(java.lang.Object, java.lang.Object, java.lang.Object, java.lang.Object)'> (0x000000074b6c8e28) 
thrown [t:\workspace\open\src\hotspot\share\interpreter\linkResolver.cpp, line 790]

Events (20 events):
Event: 6.417 loading class javax/xml/stream/FactoryFinder$1
Event: 6.417 loading class javax/xml/stream/FactoryFinder$1 done
Event: 6.418 loading class com/sun/xml/internal/stream/events/XMLEventFactoryImpl
Event: 6.418 loading class com/sun/xml/internal/stream/events/XMLEventFactoryImpl done
Event: 6.443 Executing  VM operation: G1Concurrent
Event: 6.446 Executing  VM operation: G1Concurrent done
Event: 6.450 loading class javax/naming/InvalidNameException
Event: 6.451 loading class javax/naming/InvalidNameException done
Event: 6.451 loading class javax/naming/event/NamingListener
Event: 6.451 loading class javax/naming/event/NamingListener done
Event: 6.452 loading class javax/naming/event/NamespaceChangeListener
Event: 6.452 loading class javax/naming/event/NamespaceChangeListener done
Event: 6.462 Executing  VM operation: G1Concurrent
Event: 6.462 Executing  VM operation: G1Concurrent done
Event: 6.529 loading class java/io/CharArrayWriter
Event: 6.529 loading class java/io/CharArrayWriter done
Event: 6.529 loading class java/lang/StringIndexOutOfBoundsException
Event: 6.530 loading class java/lang/StringIndexOutOfBoundsException done
Event: 6.530 Executing  VM operation: HandshakeAllThreads
Event: 6.530 Executing  VM operation: HandshakeAllThreads done


Dynamic libraries:
0x00007ff713cc0000 - 0x00007ff713cd0000 	C:\Program Files\Java\jdk-16.0.1\bin\javaw.exe
0x00007fff37cf0000 - 0x00007fff37ee5000 	C:\WINDOWS\SYSTEM32\ntdll.dll
0x00007fff37240000 - 0x00007fff372fe000 	C:\WINDOWS\System32\KERNEL32.DLL
0x00007fff35a40000 - 0x00007fff35d08000 	C:\WINDOWS\System32\KERNELBASE.dll
0x00007fff35850000 - 0x00007fff35950000 	C:\WINDOWS\System32\ucrtbase.dll
0x00007fff31b10000 - 0x00007fff31b28000 	C:\Program Files\Java\jdk-16.0.1\bin\jli.dll
0x00007fff36050000 - 0x00007fff360fe000 	C:\WINDOWS\System32\ADVAPI32.dll
0x00007fff36160000 - 0x00007fff361fe000 	C:\WINDOWS\System32\msvcrt.dll
0x00007fff36e90000 - 0x00007fff36f2c000 	C:\WINDOWS\System32\sechost.dll
0x00007fff36d60000 - 0x00007fff36e85000 	C:\WINDOWS\System32\RPCRT4.dll
0x00007fff35eb0000 - 0x00007fff36050000 	C:\WINDOWS\System32\USER32.dll
0x00007fff35d10000 - 0x00007fff35d32000 	C:\WINDOWS\System32\win32u.dll
0x00007fff367e0000 - 0x00007fff3680b000 	C:\WINDOWS\System32\GDI32.dll
0x00007fff35540000 - 0x00007fff3564d000 	C:\WINDOWS\System32\gdi32full.dll
0x00007fff357b0000 - 0x00007fff3584d000 	C:\WINDOWS\System32\msvcp_win.dll
0x00007fff2ecd0000 - 0x00007fff2ece9000 	C:\Program Files\Java\jdk-16.0.1\bin\VCRUNTIME140.dll
0x00007fff34790000 - 0x00007fff34a2a000 	C:\WINDOWS\WinSxS\amd64_microsoft.windows.common-controls_6595b64144ccf1df_6.0.19041.1110_none_60b5254171f9507e\COMCTL32.dll
0x00007fff27810000 - 0x00007fff2781a000 	C:\WINDOWS\SYSTEM32\VERSION.dll
0x00007fff37210000 - 0x00007fff37240000 	C:\WINDOWS\System32\IMM32.DLL
0x000002297f250000 - 0x000002297f263000 	C:\WINDOWS\System32\umppc14705.dll
0x00007fff31ab0000 - 0x00007fff31abc000 	C:\Program Files\Java\jdk-16.0.1\bin\vcruntime140_1.dll
0x00007fff2d160000 - 0x00007fff2d1f1000 	C:\Program Files\Java\jdk-16.0.1\bin\msvcp140.dll
0x00007ffedeac0000 - 0x00007ffedf66b000 	C:\Program Files\Java\jdk-16.0.1\bin\server\jvm.dll
0x00007fff37a50000 - 0x00007fff37a58000 	C:\WINDOWS\System32\PSAPI.DLL
0x00007fff32c10000 - 0x00007fff32c19000 	C:\WINDOWS\SYSTEM32\WSOCK32.dll
0x00007fff363b0000 - 0x00007fff3641b000 	C:\WINDOWS\System32\WS2_32.dll
0x00007fff26630000 - 0x00007fff26657000 	C:\WINDOWS\SYSTEM32\WINMM.dll
0x00007fff334e0000 - 0x00007fff334f2000 	C:\WINDOWS\SYSTEM32\kernel.appcore.dll
0x00007fff2ef90000 - 0x00007fff2ef9a000 	C:\Program Files\Java\jdk-16.0.1\bin\jimage.dll
0x00007fff34da0000 - 0x00007fff34f84000 	C:\WINDOWS\SYSTEM32\DBGHELP.DLL
0x00007fff34bd0000 - 0x00007fff34bfc000 	C:\WINDOWS\SYSTEM32\dbgcore.DLL
0x00007fff35400000 - 0x00007fff35482000 	C:\WINDOWS\System32\bcryptPrimitives.dll
0x00007fff2eb70000 - 0x00007fff2eb95000 	C:\Program Files\Java\jdk-16.0.1\bin\java.dll
0x00007fff37300000 - 0x00007fff37a44000 	C:\WINDOWS\System32\SHELL32.dll
0x00007fff32d30000 - 0x00007fff334c4000 	C:\WINDOWS\SYSTEM32\windows.storage.dll
0x00007fff36420000 - 0x00007fff36775000 	C:\WINDOWS\System32\combase.dll
0x00007fff34760000 - 0x00007fff3478e000 	C:\WINDOWS\SYSTEM32\Wldp.dll
0x00007fff36810000 - 0x00007fff368bd000 	C:\WINDOWS\System32\SHCORE.dll
0x00007fff35dd0000 - 0x00007fff35e25000 	C:\WINDOWS\System32\shlwapi.dll
0x00007fff35340000 - 0x00007fff3535f000 	C:\WINDOWS\SYSTEM32\profapi.dll
0x00007fff2ead0000 - 0x00007fff2eae9000 	C:\Program Files\Java\jdk-16.0.1\bin\net.dll
0x00007fff33de0000 - 0x00007fff33eec000 	C:\WINDOWS\SYSTEM32\WINHTTP.dll
0x00007fff34620000 - 0x00007fff3468a000 	C:\WINDOWS\system32\mswsock.dll
0x00007fff2e900000 - 0x00007fff2e913000 	C:\Program Files\Java\jdk-16.0.1\bin\nio.dll
0x00007fff2e8d0000 - 0x00007fff2e8e8000 	C:\Program Files\Java\jdk-16.0.1\bin\zip.dll
0x00007fff2ef30000 - 0x00007fff2ef40000 	C:\Program Files\Java\jdk-16.0.1\bin\verify.dll
0x00007fff31b50000 - 0x00007fff31b59000 	C:\Program Files\Java\jdk-16.0.1\bin\management.dll
0x00007fff2eac0000 - 0x00007fff2eacb000 	C:\Program Files\Java\jdk-16.0.1\bin\management_ext.dll
0x00007fff28250000 - 0x00007fff28267000 	C:\WINDOWS\system32\napinsp.dll
0x00007fff28230000 - 0x00007fff2824b000 	C:\WINDOWS\system32\pnrpnsp.dll
0x00007fff28210000 - 0x00007fff28225000 	C:\WINDOWS\system32\wshbth.dll
0x00007fff2c870000 - 0x00007fff2c88d000 	C:\WINDOWS\system32\NLAapi.dll
0x00007fff341b0000 - 0x00007fff341eb000 	C:\WINDOWS\SYSTEM32\IPHLPAPI.DLL
0x00007fff34240000 - 0x00007fff3430b000 	C:\WINDOWS\SYSTEM32\DNSAPI.dll
0x00007fff371a0000 - 0x00007fff371a8000 	C:\WINDOWS\System32\NSI.dll
0x00007fff281f0000 - 0x00007fff28202000 	C:\WINDOWS\System32\winrnr.dll
0x0000000068cd0000 - 0x0000000068cf6000 	C:\Program Files\Bonjour\mdnsNSP.dll
0x00007fff23020000 - 0x00007fff2302a000 	C:\Windows\System32\rasadhlp.dll
0x00007fff2f280000 - 0x00007fff2f2ff000 	C:\WINDOWS\System32\fwpuclnt.dll
0x00007fff35950000 - 0x00007fff35977000 	C:\WINDOWS\System32\bcrypt.dll
0x00007fff35180000 - 0x00007fff35198000 	C:\WINDOWS\SYSTEM32\CRYPTSP.dll
0x00007fff33d50000 - 0x00007fff33d84000 	C:\WINDOWS\system32\rsaenh.dll
0x00007fff35300000 - 0x00007fff3532e000 	C:\WINDOWS\SYSTEM32\USERENV.dll
0x00007fff345a0000 - 0x00007fff345ac000 	C:\WINDOWS\SYSTEM32\CRYPTBASE.dll
0x00007fff2e4a0000 - 0x00007fff2e4b7000 	C:\WINDOWS\SYSTEM32\dhcpcsvc6.DLL
0x00007fff2e470000 - 0x00007fff2e48d000 	C:\WINDOWS\SYSTEM32\dhcpcsvc.DLL

dbghelp: loaded successfully - version: 4.0.5 - missing functions: none
symbol engine: initialized successfully - sym options: 0x614 - pdb path: .;C:\Program Files\Java\jdk-16.0.1\bin;C:\WINDOWS\SYSTEM32;C:\WINDOWS\WinSxS\amd64_microsoft.windows.common-controls_6595b64144ccf1df_6.0.19041.1110_none_60b5254171f9507e;C:\Program Files\Java\jdk-16.0.1\bin\server;C:\Program Files\Bonjour

VM Arguments:
jvm_args: -Dfile.encoding=UTF-8 -XX:+ShowCodeDetailsInExceptionMessages 
java_command: com.springboot.CRUDdemo.CruDdemoApplication
java_class_path (initial): C:\Users\2227648.WFM\eclipse-workspace\Phase2Workspace\SpringBoot-JPA-CRUD\target\classes;C:\Users\2227648.WFM\.m2\repository\org\springframework\boot\spring-boot-starter-data-jpa\2.6.3\spring-boot-starter-data-jpa-2.6.3.jar;C:\Users\2227648.WFM\.m2\repository\org\springframework\boot\spring-boot-starter-aop\2.6.3\spring-boot-starter-aop-2.6.3.jar;C:\Users\2227648.WFM\.m2\repository\org\springframework\spring-aop\5.3.15\spring-aop-5.3.15.jar;C:\Users\2227648.WFM\.m2\repository\org\aspectj\aspectjweaver\1.9.7\aspectjweaver-1.9.7.jar;C:\Users\2227648.WFM\.m2\repository\org\springframework\boot\spring-boot-starter-jdbc\2.6.3\spring-boot-starter-jdbc-2.6.3.jar;C:\Users\2227648.WFM\.m2\repository\com\zaxxer\HikariCP\4.0.3\HikariCP-4.0.3.jar;C:\Users\2227648.WFM\.m2\repository\org\springframework\spring-jdbc\5.3.15\spring-jdbc-5.3.15.jar;C:\Users\2227648.WFM\.m2\repository\jakarta\transaction\jakarta.transaction-api\1.3.3\jakarta.transaction-api-1.3.3.jar;C:\Users\2227648.WFM\.m2\repository\jakarta\persistence\jakarta.persistence-api\2.2.3\jakarta.persistence-api-2.2.3.jar;C:\Users\2227648.WFM\.m2\repository\org\hibernate\hibernate-core\5.6.4.Final\hibernate-core-5.6.4.Final.jar;C:\Users\2227648.WFM\.m2\repository\org\jboss\logging\jboss-logging\3.4.3.Final\jboss-logging-3.4.3.Final.jar;C:\Users\2227648.WFM\.m2\repository\net\bytebuddy\byte-buddy\1.11.22\byte-buddy-1.11.22.jar;C:\Users\2227648.WFM\.m2\repository\antlr\antlr\2.7.7\antlr-2.7.7.jar;C:\Users\2227648.WFM\.m2\repository\org\jboss\jandex\2.4.2.Final\jandex-2.4.2.Final.jar;C:\Users\2227648.WFM\.m2\repository\com\fasterxml\classmate\1.5.1\classmate-1.5.1.jar;C:\Users\2227648.WFM\.m2\repository\org\hibernate\common\hibernate-commons-annotations\5.1.2.Final\hibernate-commons-annotations-5.1.2.Final.jar;C:\Users\2227648.WFM\.m2\repository\org\glassfish\jaxb\jaxb-runtime\2.3.5\jaxb-runtime-2.3.5.jar;C:\Users\2227648.WFM\.m2\repository\org\glassfish\jaxb\txw2\2.3.5\txw2-2.3.5.jar;C:\Users\2
Launcher Type: SUN_STANDARD

[Global flags]
     intx CICompilerCount                          = 3                                         {product} {ergonomic}
     uint ConcGCThreads                            = 1                                         {product} {ergonomic}
     uint G1ConcRefinementThreads                  = 4                                         {product} {ergonomic}
   size_t G1HeapRegionSize                         = 2097152                                   {product} {ergonomic}
    uintx GCDrainStackTargetSize                   = 64                                        {product} {ergonomic}
   size_t InitialHeapSize                          = 201326592                                 {product} {ergonomic}
   size_t MarkStackSize                            = 4194304                                   {product} {ergonomic}
   size_t MaxHeapSize                              = 3189768192                                {product} {ergonomic}
   size_t MaxNewSize                               = 1912602624                                {product} {ergonomic}
   size_t MinHeapDeltaBytes                        = 2097152                                   {product} {ergonomic}
   size_t MinHeapSize                              = 8388608                                   {product} {ergonomic}
    uintx NonNMethodCodeHeapSize                   = 5832780                                {pd product} {ergonomic}
    uintx NonProfiledCodeHeapSize                  = 122912730                              {pd product} {ergonomic}
    uintx ProfiledCodeHeapSize                     = 122912730                              {pd product} {ergonomic}
    uintx ReservedCodeCacheSize                    = 251658240                              {pd product} {ergonomic}
     bool SegmentedCodeCache                       = true                                      {product} {ergonomic}
     bool ShowCodeDetailsInExceptionMessages       = true                                   {manageable} {command line}
   size_t SoftMaxHeapSize                          = 3189768192                             {manageable} {ergonomic}
     bool UseCompressedClassPointers               = true                           {product lp64_product} {ergonomic}
     bool UseCompressedOops                        = true                           {product lp64_product} {ergonomic}
     bool UseG1GC                                  = true                                      {product} {ergonomic}
     bool UseLargePagesIndividualAllocation        = false                                  {pd product} {ergonomic}

Logging:
Log output configuration:
 #0: stdout all=warning uptime,level,tags
 #1: stderr all=off uptime,level,tags

Environment Variables:
JAVA_HOME=C:\Program Files\Java\jdk-16.0.1
PATH=C:\Program Files\Common Files\Oracle\Java\javapath;C:\Program Files (x86)\Common Files\Oracle\Java\javapath;C:\Program Files (x86)\TRICENTIS;C:\Tosca_Projects;C:\Program Files (x86)\TRICENTIS\dll;C:\Program Files (x86)\TRICENTIS\dll\GuptaEngine;C:\Program Files (x86)\TRICENTIS\;C:\Program Files (x86)\TRICENTIS\dll\DelphiEngine;C:\Program Files (x86)\TRICENTIS\dll\PBEngine;C:\Program Files (x86)\TRICENTIS\dll\VBEngine;C:\Program Files (x86)\TRICENTIS\dll\DotNetHooking;;C:\Program Files (x86)\TRICENTIS\Resources\Mobile\Tools;C:\Program Files (x86)\Intel\iCLS Client\;C:\Program Files\Intel\iCLS Client\;C:\ProgramData\Oracle\Java\javapath;C:\WINDOWS\system32;C:\WINDOWS;C:\WINDOWS\System32\Wbem;C:\WINDOWS\System32\WindowsPowerShell\v1.0\;C:\Program Files (x86)\Intel\Intel(R) Management Engine Components\DAL;C:\Program Files\Intel\Intel(R) Management Engine Components\DAL;C:\Program Files (x86)\Intel\Intel(R) Management Engine Components\IPT;C:\Program Files\Intel\Intel(R) Management Engine Components\IPT;C:\Program Files\Intel\WiFi\bin\;C:\Program Files\Common Files\Intel\WirelessCommon\;C:\WINDOWS\System32\OpenSSH\;C:\Program Files (x86)\Microsoft SQL Server\150\DTS\Binn\;C:\Program Files\Git\cmd;C:\Users\2227648\AppData\Roaming\nvm;C:\Program Files\nodejs;C:\Program Files\Amazon\AWSCLIV2\;C:\Program Files\dotnet\;C:\Program Files\Microsoft SQL Server\130\Tools\Binn\;C:\Program Files\Microsoft SQL Server\Client SDK\ODBC\170\Tools\Binn\;%MAVEN_HOME%\bin;C:\apache-maven-3.6.3\bin;C:\Program Files\Java\jdk-16.0.1\bin;C:\Users\2170169\Desktop\apache-maven-3.6.0\bin;C:\Program Files (x86)\dotnet\;C:\Program Files\Microsoft VS Code\bin;C:\Program Files\MySQL\MySQL Shell 8.0\bin\;C:\Users\2227648.WFM\scoop\shims;C:\Users\2227648.WFM\AppData\Local\Microsoft\WindowsApps;C:\Users\2227648.WFM\AppData\Local\GitHubDesktop\bin;C:\apache-maven-3.6.3\bin;C:\apache-maven-3.6.3\bin;C:\Program Files\Java\jdk1.8.0_201\bin;C:\apache-maven-3.6.3\bin;C:\Program Files\Java\jdk1.8.0_201;C:\Pr
USERNAME=2227648
OS=Windows_NT
PROCESSOR_IDENTIFIER=Intel64 Family 6 Model 61 Stepping 4, GenuineIntel



---------------  S Y S T E M  ---------------

OS:
 Windows 10 , 64 bit Build 19041 (10.0.19041.1503)
OS uptime: 1 days 8:31 hours

CPU: total 4 (initial active 4) (2 cores per cpu, 2 threads per core) family 6 model 61 stepping 4 microcode 0x2d, cx8, cmov, fxsr, ht, mmx, 3dnowpref, sse, sse2, sse3, ssse3, sse4.1, sse4.2, popcnt, lzcnt, tsc, tscinvbit, avx, avx2, aes, erms, clmul, bmi1, bmi2, rtm, adx, fma, vzeroupper, clflush

Memory: 4k page, system-wide physical 12160M (3808M free)
TotalPageFile size 24320M (AvailPageFile size 13831M)
current process WorkingSet (physical memory assigned to process): 196M, peak: 223M
current process commit charge ("private bytes"): 238M, peak: 332M

vm_info: Java HotSpot(TM) 64-Bit Server VM (16.0.1+9-24) for windows-amd64 JRE (16.0.1+9-24), built on Mar 26 2021 19:31:42 by "mach5one" with MS VC++ 16.7 (VS2019)

END.
